<?xml version="1.0" encoding="UTF-8"?>
<coverage generated="1743669328022" clover="3.2.0">
  <project timestamp="1743669328022" name="All files">
    <metrics statements="92" coveredstatements="59" conditionals="40" coveredconditionals="21" methods="48" coveredmethods="24" elements="180" coveredelements="104" complexity="0" loc="92" ncloc="92" packages="3" files="5" classes="5"/>
    <package name="app">
      <metrics statements="38" coveredstatements="30" conditionals="22" coveredconditionals="12" methods="24" coveredmethods="13"/>
      <file name="page.tsx" path="/Users/paul/UBB/mpp/src/app/page.tsx">
        <metrics statements="38" coveredstatements="30" conditionals="22" coveredconditionals="12" methods="24" coveredmethods="13"/>
        <line num="3" count="1" type="stmt"/>
        <line num="4" count="1" type="stmt"/>
        <line num="6" count="1" type="stmt"/>
        <line num="7" count="1" type="stmt"/>
        <line num="9" count="3" type="stmt"/>
        <line num="10" count="4" type="stmt"/>
        <line num="11" count="4" type="stmt"/>
        <line num="12" count="4" type="stmt"/>
        <line num="13" count="4" type="stmt"/>
        <line num="16" count="4" type="stmt"/>
        <line num="18" count="4" type="stmt"/>
        <line num="19" count="4" type="stmt"/>
        <line num="20" count="15" type="stmt"/>
        <line num="21" count="4" type="stmt"/>
        <line num="22" count="0" type="stmt"/>
        <line num="23" count="0" type="cond" truecount="0" falsecount="2"/>
        <line num="27" count="4" type="stmt"/>
        <line num="28" count="59" type="stmt"/>
        <line num="31" count="4" type="stmt"/>
        <line num="32" count="59" type="cond" truecount="1" falsecount="1"/>
        <line num="35" count="4" type="stmt"/>
        <line num="36" count="149" type="stmt"/>
        <line num="37" count="149" type="cond" truecount="1" falsecount="0"/>
        <line num="38" count="149" type="cond" truecount="0" falsecount="1"/>
        <line num="39" count="0" type="stmt"/>
        <line num="41" count="149" type="cond" truecount="0" falsecount="1"/>
        <line num="44" count="149" type="cond" truecount="1" falsecount="1"/>
        <line num="48" count="59" type="stmt"/>
        <line num="49" count="59" type="stmt"/>
        <line num="51" count="59" type="cond" truecount="1" falsecount="1"/>
        <line num="61" count="0" type="stmt"/>
        <line num="66" count="64" type="stmt"/>
        <line num="74" count="0" type="stmt"/>
        <line num="83" count="0" type="cond" truecount="0" falsecount="2"/>
        <line num="102" count="59" type="stmt"/>
        <line num="125" count="0" type="stmt"/>
        <line num="131" count="1" type="stmt"/>
        <line num="145" count="0" type="stmt"/>
      </file>
    </package>
    <package name="app.components">
      <metrics statements="52" coveredstatements="27" conditionals="18" coveredconditionals="9" methods="23" coveredmethods="10"/>
      <file name="AddMovieForm.tsx" path="/Users/paul/UBB/mpp/src/app/components/AddMovieForm.tsx">
        <metrics statements="17" coveredstatements="10" conditionals="4" coveredconditionals="0" methods="7" coveredmethods="5"/>
        <line num="3" count="1" type="stmt"/>
        <line num="5" count="1" type="stmt"/>
        <line num="6" count="1" type="stmt"/>
        <line num="8" count="4" type="stmt"/>
        <line num="13" count="8" type="stmt"/>
        <line num="22" count="8" type="stmt"/>
        <line num="23" count="0" type="stmt"/>
        <line num="24" count="0" type="cond" truecount="0" falsecount="4"/>
        <line num="25" count="0" type="stmt"/>
        <line num="26" count="0" type="stmt"/>
        <line num="29" count="0" type="stmt"/>
        <line num="30" count="0" type="stmt"/>
        <line num="47" count="1" type="stmt"/>
        <line num="53" count="1" type="stmt"/>
        <line num="60" count="0" type="stmt"/>
        <line num="69" count="1" type="stmt"/>
        <line num="77" count="1" type="stmt"/>
      </file>
      <file name="MovieDetails.tsx" path="/Users/paul/UBB/mpp/src/app/components/MovieDetails.tsx">
        <metrics statements="16" coveredstatements="2" conditionals="4" coveredconditionals="0" methods="7" coveredmethods="0"/>
        <line num="3" count="1" type="stmt"/>
        <line num="5" count="1" type="stmt"/>
        <line num="7" count="0" type="stmt"/>
        <line num="16" count="0" type="stmt"/>
        <line num="18" count="0" type="stmt"/>
        <line num="19" count="0" type="stmt"/>
        <line num="20" count="0" type="cond" truecount="0" falsecount="1"/>
        <line num="25" count="0" type="stmt"/>
        <line num="26" count="0" type="stmt"/>
        <line num="28" count="0" type="stmt"/>
        <line num="29" count="0" type="stmt"/>
        <line num="42" count="0" type="stmt"/>
        <line num="52" count="0" type="stmt"/>
        <line num="61" count="0" type="stmt"/>
        <line num="71" count="0" type="stmt"/>
        <line num="83" count="0" type="stmt"/>
      </file>
      <file name="TagInput.tsx" path="/Users/paul/UBB/mpp/src/app/components/TagInput.tsx">
        <metrics statements="19" coveredstatements="15" conditionals="10" coveredconditionals="9" methods="9" coveredmethods="5"/>
        <line num="3" count="1" type="stmt"/>
        <line num="4" count="1" type="stmt"/>
        <line num="13" count="8" type="stmt"/>
        <line num="19" count="9" type="stmt"/>
        <line num="21" count="9" type="stmt"/>
        <line num="22" count="1" type="cond" truecount="3" falsecount="0"/>
        <line num="23" count="1" type="stmt"/>
        <line num="24" count="1" type="stmt"/>
        <line num="28" count="9" type="stmt"/>
        <line num="29" count="0" type="stmt"/>
        <line num="30" count="0" type="stmt"/>
        <line num="33" count="9" type="stmt"/>
        <line num="34" count="1" type="cond" truecount="2" falsecount="1"/>
        <line num="35" count="1" type="stmt"/>
        <line num="36" count="1" type="stmt"/>
        <line num="47" count="3" type="stmt"/>
        <line num="49" count="0" type="stmt"/>
        <line num="55" count="0" type="stmt"/>
        <line num="67" count="1" type="stmt"/>
      </file>
    </package>
    <package name="app.data">
      <metrics statements="2" coveredstatements="2" conditionals="0" coveredconditionals="0" methods="1" coveredmethods="1"/>
      <file name="mockMovies.tsx" path="/Users/paul/UBB/mpp/src/app/data/mockMovies.tsx">
        <metrics statements="2" coveredstatements="2" conditionals="0" coveredconditionals="0" methods="1" coveredmethods="1"/>
        <line num="3" count="4" type="stmt"/>
        <line num="4" count="4" type="stmt"/>
      </file>
    </package>
  </project>
</coverage>
