{"/Users/paul/UBB/mpp/src/app/page.tsx": {"path":"/Users/paul/UBB/mpp/src/app/page.tsx","statementMap":{"0":{"start":{"line":9,"column":24},"end":{"line":9,"column":null}},"1":{"start":{"line":3,"column":25},"end":{"line":3,"column":null}},"2":{"start":{"line":4,"column":25},"end":{"line":4,"column":null}},"3":{"start":{"line":6,"column":25},"end":{"line":6,"column":null}},"4":{"start":{"line":7,"column":30},"end":{"line":7,"column":null}},"5":{"start":{"line":10,"column":29},"end":{"line":10,"column":null}},"6":{"start":{"line":11,"column":43},"end":{"line":11,"column":null}},"7":{"start":{"line":12,"column":39},"end":{"line":12,"column":null}},"8":{"start":{"line":13,"column":31},"end":{"line":14,"column":null}},"9":{"start":{"line":16,"column":43},"end":{"line":16,"column":null}},"10":{"start":{"line":18,"column":18},"end":{"line":18,"column":null}},"11":{"start":{"line":18,"column":36},"end":{"line":18,"column":null}},"12":{"start":{"line":18,"column":56},"end":{"line":18,"column":null}},"13":{"start":{"line":19,"column":21},"end":{"line":20,"column":null}},"14":{"start":{"line":20,"column":2},"end":{"line":20,"column":null}},"15":{"start":{"line":20,"column":22},"end":{"line":20,"column":null}},"16":{"start":{"line":20,"column":45},"end":{"line":20,"column":null}},"17":{"start":{"line":21,"column":21},"end":{"line":23,"column":null}},"18":{"start":{"line":22,"column":2},"end":{"line":23,"column":null}},"19":{"start":{"line":23,"column":3},"end":{"line":23,"column":null}},"20":{"start":{"line":23,"column":24},"end":{"line":23,"column":null}},"21":{"start":{"line":27,"column":22},"end":{"line":28,"column":null}},"22":{"start":{"line":28,"column":36},"end":{"line":28,"column":48}},"23":{"start":{"line":31,"column":24},"end":{"line":32,"column":null}},"24":{"start":{"line":32,"column":2},"end":{"line":32,"column":null}},"25":{"start":{"line":35,"column":22},"end":{"line":45,"column":null}},"26":{"start":{"line":36,"column":19},"end":{"line":36,"column":null}},"27":{"start":{"line":37,"column":2},"end":{"line":37,"column":null}},"28":{"start":{"line":37,"column":26},"end":{"line":37,"column":null}},"29":{"start":{"line":38,"column":2},"end":{"line":40,"column":null}},"30":{"start":{"line":39,"column":3},"end":{"line":40,"column":null}},"31":{"start":{"line":41,"column":2},"end":{"line":41,"column":null}},"32":{"start":{"line":41,"column":28},"end":{"line":41,"column":null}},"33":{"start":{"line":44,"column":2},"end":{"line":44,"column":null}},"34":{"start":{"line":48,"column":27},"end":{"line":48,"column":null}},"35":{"start":{"line":48,"column":61},"end":{"line":48,"column":73}},"36":{"start":{"line":49,"column":26},"end":{"line":49,"column":null}},"37":{"start":{"line":49,"column":60},"end":{"line":49,"column":72}},"38":{"start":{"line":51,"column":2},"end":{"line":51,"column":null}},"39":{"start":{"line":51,"column":32},"end":{"line":51,"column":50}},"40":{"start":{"line":61,"column":22},"end":{"line":61,"column":null}},"41":{"start":{"line":66,"column":6},"end":{"line":66,"column":26}},"42":{"start":{"line":74,"column":22},"end":{"line":74,"column":null}},"43":{"start":{"line":83,"column":6},"end":{"line":83,"column":null}},"44":{"start":{"line":83,"column":34},"end":{"line":83,"column":null}},"45":{"start":{"line":102,"column":6},"end":{"line":102,"column":null}},"46":{"start":{"line":125,"column":24},"end":{"line":125,"column":null}},"47":{"start":{"line":131,"column":24},"end":{"line":131,"column":null}},"48":{"start":{"line":145,"column":20},"end":{"line":145,"column":null}}},"fnMap":{"0":{"name":"MoviesPage","decl":{"start":{"line":9,"column":24},"end":{"line":9,"column":null}},"loc":{"start":{"line":9,"column":24},"end":{"line":150,"column":null}}},"1":{"name":"(anonymous_3)","decl":{"start":{"line":18,"column":18},"end":{"line":18,"column":19}},"loc":{"start":{"line":18,"column":36},"end":{"line":18,"column":null}}},"2":{"name":"(anonymous_4)","decl":{"start":{"line":18,"column":46},"end":{"line":18,"column":47}},"loc":{"start":{"line":18,"column":56},"end":{"line":18,"column":null}}},"3":{"name":"(anonymous_5)","decl":{"start":{"line":19,"column":21},"end":{"line":19,"column":22}},"loc":{"start":{"line":20,"column":2},"end":{"line":20,"column":null}}},"4":{"name":"(anonymous_6)","decl":{"start":{"line":20,"column":12},"end":{"line":20,"column":13}},"loc":{"start":{"line":20,"column":22},"end":{"line":20,"column":null}}},"5":{"name":"(anonymous_7)","decl":{"start":{"line":20,"column":34},"end":{"line":20,"column":35}},"loc":{"start":{"line":20,"column":45},"end":{"line":20,"column":null}}},"6":{"name":"(anonymous_8)","decl":{"start":{"line":21,"column":21},"end":{"line":21,"column":22}},"loc":{"start":{"line":22,"column":2},"end":{"line":23,"column":null}}},"7":{"name":"(anonymous_9)","decl":{"start":{"line":22,"column":12},"end":{"line":22,"column":13}},"loc":{"start":{"line":23,"column":3},"end":{"line":23,"column":null}}},"8":{"name":"(anonymous_10)","decl":{"start":{"line":23,"column":12},"end":{"line":23,"column":13}},"loc":{"start":{"line":23,"column":24},"end":{"line":23,"column":null}}},"9":{"name":"(anonymous_11)","decl":{"start":{"line":28,"column":25},"end":{"line":28,"column":26}},"loc":{"start":{"line":28,"column":36},"end":{"line":28,"column":48}}},"10":{"name":"(anonymous_12)","decl":{"start":{"line":31,"column":38},"end":{"line":31,"column":39}},"loc":{"start":{"line":32,"column":2},"end":{"line":32,"column":null}}},"11":{"name":"(anonymous_13)","decl":{"start":{"line":35,"column":47},"end":{"line":35,"column":48}},"loc":{"start":{"line":35,"column":51},"end":{"line":45,"column":null}}},"12":{"name":"(anonymous_14)","decl":{"start":{"line":48,"column":50},"end":{"line":48,"column":51}},"loc":{"start":{"line":48,"column":61},"end":{"line":48,"column":73}}},"13":{"name":"(anonymous_15)","decl":{"start":{"line":49,"column":49},"end":{"line":49,"column":50}},"loc":{"start":{"line":49,"column":60},"end":{"line":49,"column":72}}},"14":{"name":"(anonymous_16)","decl":{"start":{"line":51,"column":16},"end":{"line":51,"column":17}},"loc":{"start":{"line":51,"column":32},"end":{"line":51,"column":50}}},"15":{"name":"(anonymous_17)","decl":{"start":{"line":61,"column":15},"end":{"line":61,"column":16}},"loc":{"start":{"line":61,"column":22},"end":{"line":61,"column":null}}},"16":{"name":"(anonymous_18)","decl":{"start":{"line":65,"column":23},"end":{"line":65,"column":24}},"loc":{"start":{"line":66,"column":6},"end":{"line":66,"column":26}}},"17":{"name":"(anonymous_19)","decl":{"start":{"line":74,"column":15},"end":{"line":74,"column":16}},"loc":{"start":{"line":74,"column":22},"end":{"line":74,"column":null}}},"18":{"name":"(anonymous_20)","decl":{"start":{"line":82,"column":14},"end":{"line":82,"column":null}},"loc":{"start":{"line":83,"column":6},"end":{"line":83,"column":null}}},"19":{"name":"(anonymous_21)","decl":{"start":{"line":83,"column":23},"end":{"line":83,"column":24}},"loc":{"start":{"line":83,"column":34},"end":{"line":83,"column":null}}},"20":{"name":"(anonymous_22)","decl":{"start":{"line":101,"column":23},"end":{"line":101,"column":24}},"loc":{"start":{"line":102,"column":6},"end":{"line":102,"column":null}}},"21":{"name":"(anonymous_23)","decl":{"start":{"line":125,"column":18},"end":{"line":125,"column":24}},"loc":{"start":{"line":125,"column":24},"end":{"line":125,"column":null}}},"22":{"name":"(anonymous_24)","decl":{"start":{"line":131,"column":18},"end":{"line":131,"column":24}},"loc":{"start":{"line":131,"column":24},"end":{"line":131,"column":null}}},"23":{"name":"(anonymous_25)","decl":{"start":{"line":145,"column":14},"end":{"line":145,"column":20}},"loc":{"start":{"line":145,"column":20},"end":{"line":145,"column":null}}}},"branchMap":{"0":{"loc":{"start":{"line":23,"column":24},"end":{"line":23,"column":null}},"type":"cond-expr","locations":[{"start":{"line":23,"column":55},"end":{"line":23,"column":70}},{"start":{"line":23,"column":70},"end":{"line":23,"column":null}}]},"1":{"loc":{"start":{"line":32,"column":2},"end":{"line":32,"column":null}},"type":"cond-expr","locations":[{"start":{"line":32,"column":16},"end":{"line":32,"column":53}},{"start":{"line":32,"column":53},"end":{"line":32,"column":null}}]},"2":{"loc":{"start":{"line":37,"column":2},"end":{"line":37,"column":null}},"type":"if","locations":[{"start":{"line":37,"column":2},"end":{"line":37,"column":null}}]},"3":{"loc":{"start":{"line":38,"column":2},"end":{"line":40,"column":null}},"type":"if","locations":[{"start":{"line":38,"column":2},"end":{"line":40,"column":null}}]},"4":{"loc":{"start":{"line":41,"column":2},"end":{"line":41,"column":null}},"type":"if","locations":[{"start":{"line":41,"column":2},"end":{"line":41,"column":null}}]},"5":{"loc":{"start":{"line":44,"column":9},"end":{"line":44,"column":null}},"type":"cond-expr","locations":[{"start":{"line":44,"column":35},"end":{"line":44,"column":48}},{"start":{"line":44,"column":48},"end":{"line":44,"column":null}}]},"6":{"loc":{"start":{"line":51,"column":2},"end":{"line":51,"column":null}},"type":"binary-expr","locations":[{"start":{"line":51,"column":2},"end":{"line":51,"column":70}},{"start":{"line":51,"column":74},"end":{"line":51,"column":null}}]},"7":{"loc":{"start":{"line":83,"column":34},"end":{"line":83,"column":null}},"type":"cond-expr","locations":[{"start":{"line":83,"column":51},"end":{"line":83,"column":60}},{"start":{"line":83,"column":60},"end":{"line":83,"column":null}}]},"8":{"loc":{"start":{"line":87,"column":6},"end":{"line":87,"column":null}},"type":"cond-expr","locations":[{"start":{"line":87,"column":32},"end":{"line":87,"column":52}},{"start":{"line":87,"column":52},"end":{"line":87,"column":null}}]},"9":{"loc":{"start":{"line":112,"column":9},"end":{"line":118,"column":null}},"type":"cond-expr","locations":[{"start":{"line":113,"column":12},"end":{"line":113,"column":null}},{"start":{"line":114,"column":12},"end":{"line":118,"column":null}}]},"10":{"loc":{"start":{"line":114,"column":12},"end":{"line":118,"column":null}},"type":"cond-expr","locations":[{"start":{"line":115,"column":13},"end":{"line":115,"column":null}},{"start":{"line":116,"column":13},"end":{"line":118,"column":null}}]},"11":{"loc":{"start":{"line":116,"column":13},"end":{"line":118,"column":null}},"type":"cond-expr","locations":[{"start":{"line":117,"column":14},"end":{"line":117,"column":null}},{"start":{"line":118,"column":14},"end":{"line":118,"column":null}}]},"12":{"loc":{"start":{"line":141,"column":4},"end":{"line":141,"column":null}},"type":"binary-expr","locations":[{"start":{"line":141,"column":4},"end":{"line":141,"column":null}}]}},"s":{"0":3,"1":1,"2":1,"3":1,"4":1,"5":4,"6":4,"7":4,"8":4,"9":4,"10":4,"11":0,"12":0,"13":4,"14":1,"15":1,"16":15,"17":4,"18":0,"19":0,"20":0,"21":4,"22":59,"23":4,"24":59,"25":4,"26":149,"27":149,"28":149,"29":149,"30":0,"31":149,"32":0,"33":149,"34":4,"35":59,"36":4,"37":59,"38":4,"39":59,"40":0,"41":64,"42":0,"43":0,"44":0,"45":59,"46":0,"47":1,"48":0},"f":{"0":4,"1":0,"2":0,"3":1,"4":1,"5":15,"6":0,"7":0,"8":0,"9":59,"10":59,"11":149,"12":59,"13":59,"14":59,"15":0,"16":64,"17":0,"18":0,"19":0,"20":59,"21":0,"22":1,"23":0},"b":{"0":[0,0],"1":[0,59],"2":[149],"3":[0],"4":[0],"5":[149,0],"6":[4,0],"7":[0,0],"8":[4,0],"9":[4,55],"10":[8,47],"11":[4,43],"12":[4]}}
,"/Users/paul/UBB/mpp/src/app/components/AddMovieForm.tsx": {"path":"/Users/paul/UBB/mpp/src/app/components/AddMovieForm.tsx","statementMap":{"0":{"start":{"line":8,"column":24},"end":{"line":8,"column":37}},"1":{"start":{"line":3,"column":25},"end":{"line":3,"column":null}},"2":{"start":{"line":5,"column":21},"end":{"line":5,"column":null}},"3":{"start":{"line":6,"column":29},"end":{"line":6,"column":null}},"4":{"start":{"line":13,"column":27},"end":{"line":20,"column":null}},"5":{"start":{"line":22,"column":22},"end":{"line":39,"column":null}},"6":{"start":{"line":23,"column":2},"end":{"line":23,"column":null}},"7":{"start":{"line":24,"column":2},"end":{"line":27,"column":null}},"8":{"start":{"line":25,"column":3},"end":{"line":25,"column":null}},"9":{"start":{"line":26,"column":3},"end":{"line":26,"column":null}},"10":{"start":{"line":29,"column":2},"end":{"line":29,"column":null}},"11":{"start":{"line":30,"column":2},"end":{"line":38,"column":null}},"12":{"start":{"line":47,"column":21},"end":{"line":47,"column":null}},"13":{"start":{"line":53,"column":29},"end":{"line":53,"column":null}},"14":{"start":{"line":60,"column":21},"end":{"line":60,"column":null}},"15":{"start":{"line":69,"column":5},"end":{"line":69,"column":null}},"16":{"start":{"line":77,"column":21},"end":{"line":77,"column":null}}},"fnMap":{"0":{"name":"AddMovieForm","decl":{"start":{"line":8,"column":24},"end":{"line":8,"column":37}},"loc":{"start":{"line":12,"column":1},"end":{"line":88,"column":null}}},"1":{"name":"(anonymous_3)","decl":{"start":{"line":22,"column":22},"end":{"line":22,"column":23}},"loc":{"start":{"line":22,"column":23},"end":{"line":39,"column":null}}},"2":{"name":"(anonymous_4)","decl":{"start":{"line":47,"column":14},"end":{"line":47,"column":15}},"loc":{"start":{"line":47,"column":21},"end":{"line":47,"column":null}}},"3":{"name":"(anonymous_5)","decl":{"start":{"line":53,"column":14},"end":{"line":53,"column":15}},"loc":{"start":{"line":53,"column":29},"end":{"line":53,"column":null}}},"4":{"name":"(anonymous_6)","decl":{"start":{"line":60,"column":14},"end":{"line":60,"column":15}},"loc":{"start":{"line":60,"column":21},"end":{"line":60,"column":null}}},"5":{"name":"(anonymous_7)","decl":{"start":{"line":68,"column":14},"end":{"line":68,"column":15}},"loc":{"start":{"line":69,"column":5},"end":{"line":69,"column":null}}},"6":{"name":"(anonymous_8)","decl":{"start":{"line":77,"column":14},"end":{"line":77,"column":15}},"loc":{"start":{"line":77,"column":21},"end":{"line":77,"column":null}}}},"branchMap":{"0":{"loc":{"start":{"line":24,"column":2},"end":{"line":27,"column":null}},"type":"if","locations":[{"start":{"line":24,"column":2},"end":{"line":27,"column":null}}]},"1":{"loc":{"start":{"line":24,"column":6},"end":{"line":24,"column":60}},"type":"binary-expr","locations":[{"start":{"line":24,"column":6},"end":{"line":24,"column":17}},{"start":{"line":24,"column":21},"end":{"line":24,"column":41}},{"start":{"line":24,"column":41},"end":{"line":24,"column":60}}]}},"s":{"0":4,"1":1,"2":1,"3":1,"4":8,"5":8,"6":0,"7":0,"8":0,"9":0,"10":0,"11":0,"12":1,"13":1,"14":0,"15":1,"16":1},"f":{"0":8,"1":0,"2":1,"3":1,"4":0,"5":1,"6":1},"b":{"0":[0],"1":[0,0,0]}}
,"/Users/paul/UBB/mpp/src/app/components/MovieDetails.tsx": {"path":"/Users/paul/UBB/mpp/src/app/components/MovieDetails.tsx","statementMap":{"0":{"start":{"line":7,"column":24},"end":{"line":7,"column":37}},"1":{"start":{"line":3,"column":25},"end":{"line":3,"column":null}},"2":{"start":{"line":5,"column":21},"end":{"line":5,"column":null}},"3":{"start":{"line":16,"column":41},"end":{"line":16,"column":null}},"4":{"start":{"line":18,"column":22},"end":{"line":30,"column":null}},"5":{"start":{"line":19,"column":2},"end":{"line":19,"column":null}},"6":{"start":{"line":20,"column":2},"end":{"line":27,"column":null}},"7":{"start":{"line":25,"column":3},"end":{"line":25,"column":null}},"8":{"start":{"line":26,"column":3},"end":{"line":26,"column":null}},"9":{"start":{"line":28,"column":2},"end":{"line":28,"column":null}},"10":{"start":{"line":29,"column":2},"end":{"line":29,"column":null}},"11":{"start":{"line":42,"column":7},"end":{"line":42,"column":null}},"12":{"start":{"line":52,"column":7},"end":{"line":52,"column":null}},"13":{"start":{"line":61,"column":7},"end":{"line":61,"column":null}},"14":{"start":{"line":71,"column":7},"end":{"line":74,"column":null}},"15":{"start":{"line":83,"column":7},"end":{"line":83,"column":null}}},"fnMap":{"0":{"name":"MovieDetails","decl":{"start":{"line":7,"column":24},"end":{"line":7,"column":37}},"loc":{"start":{"line":15,"column":1},"end":{"line":106,"column":null}}},"1":{"name":"(anonymous_3)","decl":{"start":{"line":18,"column":22},"end":{"line":18,"column":23}},"loc":{"start":{"line":18,"column":23},"end":{"line":30,"column":null}}},"2":{"name":"(anonymous_4)","decl":{"start":{"line":41,"column":16},"end":{"line":41,"column":17}},"loc":{"start":{"line":42,"column":7},"end":{"line":42,"column":null}}},"3":{"name":"(anonymous_5)","decl":{"start":{"line":51,"column":16},"end":{"line":51,"column":17}},"loc":{"start":{"line":52,"column":7},"end":{"line":52,"column":null}}},"4":{"name":"(anonymous_6)","decl":{"start":{"line":60,"column":16},"end":{"line":60,"column":17}},"loc":{"start":{"line":61,"column":7},"end":{"line":61,"column":null}}},"5":{"name":"(anonymous_7)","decl":{"start":{"line":70,"column":16},"end":{"line":70,"column":17}},"loc":{"start":{"line":71,"column":7},"end":{"line":74,"column":null}}},"6":{"name":"(anonymous_8)","decl":{"start":{"line":82,"column":16},"end":{"line":82,"column":17}},"loc":{"start":{"line":83,"column":7},"end":{"line":83,"column":null}}}},"branchMap":{"0":{"loc":{"start":{"line":20,"column":2},"end":{"line":27,"column":null}},"type":"if","locations":[{"start":{"line":20,"column":2},"end":{"line":27,"column":null}}]},"1":{"loc":{"start":{"line":21,"column":3},"end":{"line":23,"column":null}},"type":"binary-expr","locations":[{"start":{"line":21,"column":3},"end":{"line":21,"column":21}},{"start":{"line":22,"column":3},"end":{"line":22,"column":null}},{"start":{"line":23,"column":3},"end":{"line":23,"column":null}}]}},"s":{"0":0,"1":1,"2":1,"3":0,"4":0,"5":0,"6":0,"7":0,"8":0,"9":0,"10":0,"11":0,"12":0,"13":0,"14":0,"15":0},"f":{"0":0,"1":0,"2":0,"3":0,"4":0,"5":0,"6":0},"b":{"0":[0],"1":[0,0,0]}}
,"/Users/paul/UBB/mpp/src/app/components/TagInput.tsx": {"path":"/Users/paul/UBB/mpp/src/app/components/TagInput.tsx","statementMap":{"0":{"start":{"line":13,"column":24},"end":{"line":13,"column":33}},"1":{"start":{"line":3,"column":25},"end":{"line":3,"column":null}},"2":{"start":{"line":4,"column":18},"end":{"line":4,"column":null}},"3":{"start":{"line":19,"column":37},"end":{"line":19,"column":null}},"4":{"start":{"line":21,"column":22},"end":{"line":26,"column":null}},"5":{"start":{"line":22,"column":2},"end":{"line":25,"column":null}},"6":{"start":{"line":23,"column":3},"end":{"line":23,"column":null}},"7":{"start":{"line":24,"column":3},"end":{"line":24,"column":null}},"8":{"start":{"line":28,"column":25},"end":{"line":31,"column":null}},"9":{"start":{"line":29,"column":18},"end":{"line":29,"column":null}},"10":{"start":{"line":29,"column":40},"end":{"line":29,"column":null}},"11":{"start":{"line":30,"column":2},"end":{"line":30,"column":null}},"12":{"start":{"line":33,"column":23},"end":{"line":38,"column":null}},"13":{"start":{"line":34,"column":2},"end":{"line":37,"column":null}},"14":{"start":{"line":35,"column":3},"end":{"line":35,"column":null}},"15":{"start":{"line":36,"column":3},"end":{"line":36,"column":null}},"16":{"start":{"line":47,"column":4},"end":{"line":48,"column":null}},"17":{"start":{"line":49,"column":20},"end":{"line":49,"column":null}},"18":{"start":{"line":55,"column":21},"end":{"line":55,"column":null}},"19":{"start":{"line":67,"column":21},"end":{"line":67,"column":null}}},"fnMap":{"0":{"name":"TagInput","decl":{"start":{"line":13,"column":24},"end":{"line":13,"column":33}},"loc":{"start":{"line":18,"column":16},"end":{"line":74,"column":null}}},"1":{"name":"(anonymous_2)","decl":{"start":{"line":21,"column":22},"end":{"line":21,"column":null}},"loc":{"start":{"line":21,"column":22},"end":{"line":26,"column":null}}},"2":{"name":"(anonymous_3)","decl":{"start":{"line":28,"column":25},"end":{"line":28,"column":26}},"loc":{"start":{"line":28,"column":26},"end":{"line":31,"column":null}}},"3":{"name":"(anonymous_4)","decl":{"start":{"line":29,"column":30},"end":{"line":29,"column":31}},"loc":{"start":{"line":29,"column":40},"end":{"line":29,"column":null}}},"4":{"name":"(anonymous_5)","decl":{"start":{"line":33,"column":23},"end":{"line":33,"column":24}},"loc":{"start":{"line":33,"column":24},"end":{"line":38,"column":null}}},"5":{"name":"(anonymous_6)","decl":{"start":{"line":46,"column":13},"end":{"line":46,"column":14}},"loc":{"start":{"line":47,"column":4},"end":{"line":48,"column":null}}},"6":{"name":"(anonymous_7)","decl":{"start":{"line":49,"column":14},"end":{"line":49,"column":20}},"loc":{"start":{"line":49,"column":20},"end":{"line":49,"column":null}}},"7":{"name":"(anonymous_8)","decl":{"start":{"line":55,"column":15},"end":{"line":55,"column":21}},"loc":{"start":{"line":55,"column":21},"end":{"line":55,"column":null}}},"8":{"name":"(anonymous_9)","decl":{"start":{"line":67,"column":14},"end":{"line":67,"column":15}},"loc":{"start":{"line":67,"column":21},"end":{"line":67,"column":null}}}},"branchMap":{"0":{"loc":{"start":{"line":22,"column":2},"end":{"line":25,"column":null}},"type":"if","locations":[{"start":{"line":22,"column":2},"end":{"line":25,"column":null}}]},"1":{"loc":{"start":{"line":22,"column":6},"end":{"line":22,"column":69}},"type":"binary-expr","locations":[{"start":{"line":22,"column":6},"end":{"line":22,"column":34}},{"start":{"line":22,"column":34},"end":{"line":22,"column":69}}]},"2":{"loc":{"start":{"line":34,"column":2},"end":{"line":37,"column":null}},"type":"if","locations":[{"start":{"line":34,"column":2},"end":{"line":37,"column":null}}]},"3":{"loc":{"start":{"line":34,"column":6},"end":{"line":34,"column":42}},"type":"binary-expr","locations":[{"start":{"line":34,"column":6},"end":{"line":34,"column":27}},{"start":{"line":34,"column":27},"end":{"line":34,"column":42}}]},"4":{"loc":{"start":{"line":69,"column":17},"end":{"line":69,"column":null}},"type":"cond-expr","locations":[{"start":{"line":69,"column":58},"end":{"line":69,"column":72}},{"start":{"line":69,"column":72},"end":{"line":69,"column":null}}]},"5":{"loc":{"start":{"line":69,"column":17},"end":{"line":69,"column":58}},"type":"binary-expr","locations":[{"start":{"line":69,"column":17},"end":{"line":69,"column":38}},{"start":{"line":69,"column":38},"end":{"line":69,"column":58}}]}},"s":{"0":8,"1":1,"2":1,"3":9,"4":9,"5":1,"6":1,"7":1,"8":9,"9":0,"10":0,"11":0,"12":9,"13":1,"14":1,"15":1,"16":3,"17":0,"18":0,"19":1},"f":{"0":9,"1":1,"2":0,"3":0,"4":1,"5":3,"6":0,"7":0,"8":1},"b":{"0":[1],"1":[1,1],"2":[1],"3":[1,0],"4":[5,4],"5":[9,6]}}
,"/Users/paul/UBB/mpp/src/app/data/mockMovies.tsx": {"path":"/Users/paul/UBB/mpp/src/app/data/mockMovies.tsx","statementMap":{"0":{"start":{"line":3,"column":13},"end":{"line":3,"column":29}},"1":{"start":{"line":3,"column":29},"end":{"line":138,"column":null}},"2":{"start":{"line":4,"column":1},"end":{"line":137,"column":null}}},"fnMap":{"0":{"name":"(anonymous_1)","decl":{"start":{"line":3,"column":29},"end":{"line":3,"column":null}},"loc":{"start":{"line":3,"column":29},"end":{"line":138,"column":null}}}},"branchMap":{},"s":{"0":4,"1":1,"2":4},"f":{"0":4},"b":{}}
}
