TN:
SF:src/app/page.tsx
FN:9,MoviesPage
FN:18,(anonymous_3)
FN:18,(anonymous_4)
FN:19,(anonymous_5)
FN:20,(anonymous_6)
FN:20,(anonymous_7)
FN:21,(anonymous_8)
FN:22,(anonymous_9)
FN:23,(anonymous_10)
FN:28,(anonymous_11)
FN:31,(anonymous_12)
FN:35,(anonymous_13)
FN:48,(anonymous_14)
FN:49,(anonymous_15)
FN:51,(anonymous_16)
FN:61,(anonymous_17)
FN:65,(anonymous_18)
FN:74,(anonymous_19)
FN:82,(anonymous_20)
FN:83,(anonymous_21)
FN:101,(anonymous_22)
FN:125,(anonymous_23)
FN:131,(anonymous_24)
FN:145,(anonymous_25)
FNF:24
FNH:13
FNDA:4,MoviesPage
FNDA:0,(anonymous_3)
FNDA:0,(anonymous_4)
FNDA:1,(anonymous_5)
FNDA:1,(anonymous_6)
FNDA:15,(anonymous_7)
FNDA:0,(anonymous_8)
FNDA:0,(anonymous_9)
FNDA:0,(anonymous_10)
FNDA:59,(anonymous_11)
FNDA:59,(anonymous_12)
FNDA:149,(anonymous_13)
FNDA:59,(anonymous_14)
FNDA:59,(anonymous_15)
FNDA:59,(anonymous_16)
FNDA:0,(anonymous_17)
FNDA:64,(anonymous_18)
FNDA:0,(anonymous_19)
FNDA:0,(anonymous_20)
FNDA:0,(anonymous_21)
FNDA:59,(anonymous_22)
FNDA:0,(anonymous_23)
FNDA:1,(anonymous_24)
FNDA:0,(anonymous_25)
DA:3,1
DA:4,1
DA:6,1
DA:7,1
DA:9,3
DA:10,4
DA:11,4
DA:12,4
DA:13,4
DA:16,4
DA:18,4
DA:19,4
DA:20,15
DA:21,4
DA:22,0
DA:23,0
DA:27,4
DA:28,59
DA:31,4
DA:32,59
DA:35,4
DA:36,149
DA:37,149
DA:38,149
DA:39,0
DA:41,149
DA:44,149
DA:48,59
DA:49,59
DA:51,59
DA:61,0
DA:66,64
DA:74,0
DA:83,0
DA:102,59
DA:125,0
DA:131,1
DA:145,0
LF:38
LH:30
BRDA:23,0,0,0
BRDA:23,0,1,0
BRDA:32,1,0,0
BRDA:32,1,1,59
BRDA:37,2,0,149
BRDA:38,3,0,0
BRDA:41,4,0,0
BRDA:44,5,0,149
BRDA:44,5,1,0
BRDA:51,6,0,4
BRDA:51,6,1,0
BRDA:83,7,0,0
BRDA:83,7,1,0
BRDA:87,8,0,4
BRDA:87,8,1,0
BRDA:112,9,0,4
BRDA:112,9,1,55
BRDA:114,10,0,8
BRDA:114,10,1,47
BRDA:116,11,0,4
BRDA:116,11,1,43
BRDA:141,12,0,4
BRF:22
BRH:12
end_of_record
TN:
SF:src/app/components/AddMovieForm.tsx
FN:8,AddMovieForm
FN:22,(anonymous_3)
FN:47,(anonymous_4)
FN:53,(anonymous_5)
FN:60,(anonymous_6)
FN:68,(anonymous_7)
FN:77,(anonymous_8)
FNF:7
FNH:5
FNDA:8,AddMovieForm
FNDA:0,(anonymous_3)
FNDA:1,(anonymous_4)
FNDA:1,(anonymous_5)
FNDA:0,(anonymous_6)
FNDA:1,(anonymous_7)
FNDA:1,(anonymous_8)
DA:3,1
DA:5,1
DA:6,1
DA:8,4
DA:13,8
DA:22,8
DA:23,0
DA:24,0
DA:25,0
DA:26,0
DA:29,0
DA:30,0
DA:47,1
DA:53,1
DA:60,0
DA:69,1
DA:77,1
LF:17
LH:10
BRDA:24,0,0,0
BRDA:24,1,0,0
BRDA:24,1,1,0
BRDA:24,1,2,0
BRF:4
BRH:0
end_of_record
TN:
SF:src/app/components/MovieDetails.tsx
FN:7,MovieDetails
FN:18,(anonymous_3)
FN:41,(anonymous_4)
FN:51,(anonymous_5)
FN:60,(anonymous_6)
FN:70,(anonymous_7)
FN:82,(anonymous_8)
FNF:7
FNH:0
FNDA:0,MovieDetails
FNDA:0,(anonymous_3)
FNDA:0,(anonymous_4)
FNDA:0,(anonymous_5)
FNDA:0,(anonymous_6)
FNDA:0,(anonymous_7)
FNDA:0,(anonymous_8)
DA:3,1
DA:5,1
DA:7,0
DA:16,0
DA:18,0
DA:19,0
DA:20,0
DA:25,0
DA:26,0
DA:28,0
DA:29,0
DA:42,0
DA:52,0
DA:61,0
DA:71,0
DA:83,0
LF:16
LH:2
BRDA:20,0,0,0
BRDA:21,1,0,0
BRDA:21,1,1,0
BRDA:21,1,2,0
BRF:4
BRH:0
end_of_record
TN:
SF:src/app/components/TagInput.tsx
FN:13,TagInput
FN:21,(anonymous_2)
FN:28,(anonymous_3)
FN:29,(anonymous_4)
FN:33,(anonymous_5)
FN:46,(anonymous_6)
FN:49,(anonymous_7)
FN:55,(anonymous_8)
FN:67,(anonymous_9)
FNF:9
FNH:5
FNDA:9,TagInput
FNDA:1,(anonymous_2)
FNDA:0,(anonymous_3)
FNDA:0,(anonymous_4)
FNDA:1,(anonymous_5)
FNDA:3,(anonymous_6)
FNDA:0,(anonymous_7)
FNDA:0,(anonymous_8)
FNDA:1,(anonymous_9)
DA:3,1
DA:4,1
DA:13,8
DA:19,9
DA:21,9
DA:22,1
DA:23,1
DA:24,1
DA:28,9
DA:29,0
DA:30,0
DA:33,9
DA:34,1
DA:35,1
DA:36,1
DA:47,3
DA:49,0
DA:55,0
DA:67,1
LF:19
LH:15
BRDA:22,0,0,1
BRDA:22,1,0,1
BRDA:22,1,1,1
BRDA:34,2,0,1
BRDA:34,3,0,1
BRDA:34,3,1,0
BRDA:69,4,0,5
BRDA:69,4,1,4
BRDA:69,5,0,9
BRDA:69,5,1,6
BRF:10
BRH:9
end_of_record
TN:
SF:src/app/data/mockMovies.tsx
FN:3,(anonymous_1)
FNF:1
FNH:1
FNDA:4,(anonymous_1)
DA:3,4
DA:4,4
LF:2
LH:2
BRF:0
BRH:0
end_of_record
